<?xml version="1.0" encoding="UTF-8"?>
<testsuite name="edu.bsu.cs.wikipedia.revisionParserTest" tests="2" skipped="0" failures="0" errors="0" timestamp="2025-02-11T14:47:11" hostname="LIZZIE" time="0.058">
  <properties/>
  <testcase name="testTimeStampParse()" classname="edu.bsu.cs.wikipedia.revisionParserTest" time="0.053"/>
  <testcase name="testUserParse()" classname="edu.bsu.cs.wikipedia.revisionParserTest" time="0.003"/>
  <system-out><![CDATA[]]></system-out>
  <system-err><![CDATA[]]></system-err>
</testsuite>
